<?xml version="1.0" encoding="UTF-8"?>
<!-- Generated by org.testng.reporters.JUnitReportReporter -->
<testsuite hostname="LAPTOP-DOBLN3AU" failures="0" tests="2" name="com.ninja.qa.TestPages.TestRegisterPage" time="41.666" errors="0" timestamp="2023-10-10T12:19:16 IST" skipped="0">
  <testcase classname="com.ninja.qa.TestPages.TestRegisterPage" name="testregisterUser" time="25.576"/>
  <system-out/>
  <testcase classname="com.ninja.qa.TestPages.TestRegisterPage" name="testregisterUser" time="16.090"/>
  <system-out/>
</testsuite> <!-- com.ninja.qa.TestPages.TestRegisterPage -->
